mode: atomic
github.com/NLstn/clubs/scheduler/scheduler.go:31.60,32.25 1 5
github.com/NLstn/clubs/scheduler/scheduler.go:32.25,34.3 1 0
github.com/NLstn/clubs/scheduler/scheduler.go:36.2,43.3 2 5
github.com/NLstn/clubs/scheduler/scheduler.go:47.69,53.2 4 4
github.com/NLstn/clubs/scheduler/scheduler.go:56.29,60.12 3 4
github.com/NLstn/clubs/scheduler/scheduler.go:60.12,67.7 4 4
github.com/NLstn/clubs/scheduler/scheduler.go:67.7,68.11 1 16
github.com/NLstn/clubs/scheduler/scheduler.go:69.22,70.24 1 12
github.com/NLstn/clubs/scheduler/scheduler.go:71.24,73.11 2 4
github.com/NLstn/clubs/scheduler/scheduler.go:80.39,86.16 4 16
github.com/NLstn/clubs/scheduler/scheduler.go:86.16,89.3 2 0
github.com/NLstn/clubs/scheduler/scheduler.go:91.2,91.27 1 16
github.com/NLstn/clubs/scheduler/scheduler.go:91.27,95.3 2 2
github.com/NLstn/clubs/scheduler/scheduler.go:99.57,111.60 4 2
github.com/NLstn/clubs/scheduler/scheduler.go:111.60,114.3 2 0
github.com/NLstn/clubs/scheduler/scheduler.go:117.2,121.13 4 2
github.com/NLstn/clubs/scheduler/scheduler.go:121.13,126.3 4 0
github.com/NLstn/clubs/scheduler/scheduler.go:129.2,130.12 2 2
github.com/NLstn/clubs/scheduler/scheduler.go:130.12,132.3 1 2
github.com/NLstn/clubs/scheduler/scheduler.go:135.2,136.9 2 2
github.com/NLstn/clubs/scheduler/scheduler.go:137.21,138.17 1 2
github.com/NLstn/clubs/scheduler/scheduler.go:138.17,141.4 2 1
github.com/NLstn/clubs/scheduler/scheduler.go:141.9,144.4 2 1
github.com/NLstn/clubs/scheduler/scheduler.go:145.29,150.98 5 0
github.com/NLstn/clubs/scheduler/scheduler.go:150.98,152.4 1 0
github.com/NLstn/clubs/scheduler/scheduler.go:153.3,153.9 1 0
github.com/NLstn/clubs/scheduler/scheduler.go:157.2,157.59 1 2
github.com/NLstn/clubs/scheduler/scheduler.go:157.59,159.3 1 0
github.com/NLstn/clubs/scheduler/scheduler.go:163.68,164.91 1 1
github.com/NLstn/clubs/scheduler/scheduler.go:164.91,166.3 1 0
github.com/NLstn/clubs/scheduler/scheduler.go:170.88,171.100 1 1
github.com/NLstn/clubs/scheduler/scheduler.go:171.100,173.3 1 0
github.com/NLstn/clubs/scheduler/scheduler.go:177.28,181.21 2 4
github.com/NLstn/clubs/scheduler/scheduler.go:181.21,183.3 1 4
github.com/NLstn/clubs/scheduler/scheduler.go:186.2,190.12 3 4
github.com/NLstn/clubs/scheduler/scheduler.go:190.12,193.3 2 4
github.com/NLstn/clubs/scheduler/scheduler.go:195.2,195.9 1 4
github.com/NLstn/clubs/scheduler/scheduler.go:196.14,197.46 1 4
github.com/NLstn/clubs/scheduler/scheduler.go:198.38,199.81 1 0
github.com/NLstn/clubs/scheduler/scheduler.go:204.47,208.35 3 2
github.com/NLstn/clubs/scheduler/scheduler.go:208.35,216.59 2 1
github.com/NLstn/clubs/scheduler/scheduler.go:216.59,218.4 1 0
github.com/NLstn/clubs/scheduler/scheduler.go:219.3,219.58 1 1
github.com/NLstn/clubs/scheduler/scheduler.go:220.8,220.23 1 1
github.com/NLstn/clubs/scheduler/scheduler.go:220.23,222.3 1 0
github.com/NLstn/clubs/scheduler/scheduler.go:224.2,224.12 1 2
